c:\users\david\documents\c_games\crispytrackerdeluxe\crispytrackerdeluxe\x64\debug\vc143.pdb
c:\users\david\documents\c_games\crispytrackerdeluxe\crispytrackerdeluxe\x64\debug\vc143.idb
c:\users\david\documents\c_games\crispytrackerdeluxe\crispytrackerdeluxe\x64\debug\main.obj
c:\users\david\documents\c_games\crispytrackerdeluxe\crispytrackerdeluxe\x64\debug\system.obj
c:\users\david\documents\c_games\crispytrackerdeluxe\crispytrackerdeluxe\x64\debug\tracker.obj
c:\users\david\documents\c_games\crispytrackerdeluxe\crispytrackerdeluxe\x64\debug\filemanager.obj
c:\users\david\documents\c_games\crispytrackerdeluxe\crispytrackerdeluxe\x64\debug\emulatorhandler.obj
c:\users\david\documents\c_games\crispytrackerdeluxe\crispytrackerdeluxe\x64\debug\crispytrackerdeluxe.exe
c:\users\david\documents\c_games\crispytrackerdeluxe\crispytrackerdeluxe\x64\debug\crispytrackerdeluxe.ilk
c:\users\david\documents\c_games\crispytrackerdeluxe\crispytrackerdeluxe\x64\debug\crispytrackerdeluxe.pdb
c:\users\david\documents\c_games\crispytrackerdeluxe\crispytrackerdeluxe\x64\debug\filemanager.nativecodeanalysis.xml
c:\users\david\documents\c_games\crispytrackerdeluxe\crispytrackerdeluxe\x64\debug\main.nativecodeanalysis.xml
c:\users\david\documents\c_games\crispytrackerdeluxe\crispytrackerdeluxe\x64\debug\system.nativecodeanalysis.xml
c:\users\david\documents\c_games\crispytrackerdeluxe\crispytrackerdeluxe\x64\debug\crispytr.d4503d66.tlog\cl.command.1.tlog
c:\users\david\documents\c_games\crispytrackerdeluxe\crispytrackerdeluxe\x64\debug\crispytr.d4503d66.tlog\cl.items.tlog
c:\users\david\documents\c_games\crispytrackerdeluxe\crispytrackerdeluxe\x64\debug\crispytr.d4503d66.tlog\cl.read.1.tlog
c:\users\david\documents\c_games\crispytrackerdeluxe\crispytrackerdeluxe\x64\debug\crispytr.d4503d66.tlog\cl.write.1.tlog
c:\users\david\documents\c_games\crispytrackerdeluxe\crispytrackerdeluxe\x64\debug\crispytr.d4503d66.tlog\link-cvtres.read.1.tlog
c:\users\david\documents\c_games\crispytrackerdeluxe\crispytrackerdeluxe\x64\debug\crispytr.d4503d66.tlog\link-cvtres.write.1.tlog
c:\users\david\documents\c_games\crispytrackerdeluxe\crispytrackerdeluxe\x64\debug\crispytr.d4503d66.tlog\link-rc.read.1.tlog
c:\users\david\documents\c_games\crispytrackerdeluxe\crispytrackerdeluxe\x64\debug\crispytr.d4503d66.tlog\link-rc.write.1.tlog
c:\users\david\documents\c_games\crispytrackerdeluxe\crispytrackerdeluxe\x64\debug\crispytr.d4503d66.tlog\link.24388-cvtres.read.1.tlog
c:\users\david\documents\c_games\crispytrackerdeluxe\crispytrackerdeluxe\x64\debug\crispytr.d4503d66.tlog\link.24388-cvtres.write.1.tlog
c:\users\david\documents\c_games\crispytrackerdeluxe\crispytrackerdeluxe\x64\debug\crispytr.d4503d66.tlog\link.24388-rc.read.1.tlog
c:\users\david\documents\c_games\crispytrackerdeluxe\crispytrackerdeluxe\x64\debug\crispytr.d4503d66.tlog\link.24388-rc.write.1.tlog
c:\users\david\documents\c_games\crispytrackerdeluxe\crispytrackerdeluxe\x64\debug\crispytr.d4503d66.tlog\link.24388.read.1.tlog
c:\users\david\documents\c_games\crispytrackerdeluxe\crispytrackerdeluxe\x64\debug\crispytr.d4503d66.tlog\link.24388.read.2.tlog
c:\users\david\documents\c_games\crispytrackerdeluxe\crispytrackerdeluxe\x64\debug\crispytr.d4503d66.tlog\link.24388.write.1.tlog
c:\users\david\documents\c_games\crispytrackerdeluxe\crispytrackerdeluxe\x64\debug\crispytr.d4503d66.tlog\link.command.1.tlog
c:\users\david\documents\c_games\crispytrackerdeluxe\crispytrackerdeluxe\x64\debug\crispytr.d4503d66.tlog\link.read.1.tlog
c:\users\david\documents\c_games\crispytrackerdeluxe\crispytrackerdeluxe\x64\debug\crispytr.d4503d66.tlog\link.read.2.tlog
c:\users\david\documents\c_games\crispytrackerdeluxe\crispytrackerdeluxe\x64\debug\crispytr.d4503d66.tlog\link.write.1.tlog
